<?xml version="1.0" encoding="UTF-8"?>
<!-- Generated by org.testng.reporters.JUnitXMLReporter -->
<testsuite hostname="cog-sys-065" failures="0" tests="3" name="Default test" time="399.34" errors="0" timestamp="4 Jan 2022 05:24:51 GMT">
  <testcase classname="testcases.PasswordPolicy" name="passwordLength" time="110.277"/>
  <testcase classname="testcases.PasswordPolicy" name="blackklist" time="108.33"/>
  <testcase classname="testcases.PasswordPolicy" name="reusePassword" time="169.457"/>
</testsuite> <!-- Default test -->
